<?xml version="1.0" encoding="UTF-8"?>
<!-- Generated by org.testng.reporters.JUnitReportReporter -->
<testsuite hostname="Lenovo" failures="0" tests="1" name="pages.Edureka_sikuli_fileupload" time="66.322" errors="0" timestamp="2020-05-09T00:47:05 IST" skipped="0">
  <testcase classname="pages.Edureka_sikuli_fileupload" name="TC_Edureka_sikuli_fileupload" time="66.322"/>
  <system-out/>
</testsuite> <!-- pages.Edureka_sikuli_fileupload -->
